  [1m[35m (18.4ms)[0m  [1m[35mSET NAMES utf8,  @@SESSION.sql_mode = CONCAT(CONCAT(@@sql_mode, ',STRICT_ALL_TABLES'), ',NO_AUTO_VALUE_ON_ZERO'),  @@SESSION.sql_auto_is_null = 0, @@SESSION.wait_timeout = 2147483[0m
  ↳ bin/rails:9
  [1m[35m (12.2ms)[0m  [1m[35mCREATE DATABASE `app20201208_development` DEFAULT CHARACTER SET `utf8`[0m
  ↳ bin/rails:9
  [1m[35m (1.4ms)[0m  [1m[35mSET NAMES utf8,  @@SESSION.sql_mode = CONCAT(CONCAT(@@sql_mode, ',STRICT_ALL_TABLES'), ',NO_AUTO_VALUE_ON_ZERO'),  @@SESSION.sql_auto_is_null = 0, @@SESSION.wait_timeout = 2147483[0m
  ↳ bin/rails:9
  [1m[35m (12.2ms)[0m  [1m[35mCREATE DATABASE `app20201208_test` DEFAULT CHARACTER SET `utf8`[0m
  ↳ bin/rails:9
Started GET "/" for ::1 at 2020-12-08 01:19:42 +0900
  [1m[35m (1.1ms)[0m  [1m[35mSET NAMES utf8,  @@SESSION.sql_mode = CONCAT(CONCAT(@@sql_mode, ',STRICT_ALL_TABLES'), ',NO_AUTO_VALUE_ON_ZERO'),  @@SESSION.sql_auto_is_null = 0, @@SESSION.wait_timeout = 2147483[0m
  ↳ /Users/matsumotokimiaki/.rbenv/versions/2.6.6/lib/ruby/gems/2.6.0/gems/activerecord-5.2.4.4/lib/active_record/log_subscriber.rb:98
Processing by Rails::WelcomeController#index as HTML
  Rendering /Users/matsumotokimiaki/.rbenv/versions/2.6.6/lib/ruby/gems/2.6.0/gems/railties-5.2.4.4/lib/rails/templates/rails/welcome/index.html.erb
  Rendered /Users/matsumotokimiaki/.rbenv/versions/2.6.6/lib/ruby/gems/2.6.0/gems/railties-5.2.4.4/lib/rails/templates/rails/welcome/index.html.erb (8.3ms)
Completed 200 OK in 33ms (Views: 22.9ms | ActiveRecord: 0.0ms)


Started GET "/" for ::1 at 2020-12-08 23:33:27 +0900
  [1m[35m (0.9ms)[0m  [1m[35mSET NAMES utf8,  @@SESSION.sql_mode = CONCAT(CONCAT(@@sql_mode, ',STRICT_ALL_TABLES'), ',NO_AUTO_VALUE_ON_ZERO'),  @@SESSION.sql_auto_is_null = 0, @@SESSION.wait_timeout = 2147483[0m
  ↳ /Users/matsumotokimiaki/.rbenv/versions/2.6.6/lib/ruby/gems/2.6.0/gems/activerecord-5.2.4.4/lib/active_record/log_subscriber.rb:98
Processing by Rails::WelcomeController#index as HTML
  Rendering /Users/matsumotokimiaki/.rbenv/versions/2.6.6/lib/ruby/gems/2.6.0/gems/railties-5.2.4.4/lib/rails/templates/rails/welcome/index.html.erb
  Rendered /Users/matsumotokimiaki/.rbenv/versions/2.6.6/lib/ruby/gems/2.6.0/gems/railties-5.2.4.4/lib/rails/templates/rails/welcome/index.html.erb (14.2ms)
Completed 200 OK in 152ms (Views: 33.1ms | ActiveRecord: 0.0ms)


  [1m[35m (0.7ms)[0m  [1m[35mSET NAMES utf8,  @@SESSION.sql_mode = CONCAT(CONCAT(@@sql_mode, ',STRICT_ALL_TABLES'), ',NO_AUTO_VALUE_ON_ZERO'),  @@SESSION.sql_auto_is_null = 0, @@SESSION.wait_timeout = 2147483[0m
  ↳ bin/rails:9
  [1m[35m (23.0ms)[0m  [1m[35mCREATE TABLE `schema_migrations` (`version` varchar(255) NOT NULL PRIMARY KEY)[0m
  ↳ bin/rails:9
  [1m[35m (9.9ms)[0m  [1m[35mCREATE TABLE `ar_internal_metadata` (`key` varchar(255) NOT NULL PRIMARY KEY, `value` varchar(255), `created_at` datetime NOT NULL, `updated_at` datetime NOT NULL)[0m
  ↳ bin/rails:9
  [1m[35m (0.3ms)[0m  [1m[34mSELECT GET_LOCK('2743909645454033595', 0)[0m
  ↳ bin/rails:9
  [1m[35m (48.5ms)[0m  [1m[34mSELECT `schema_migrations`.`version` FROM `schema_migrations` ORDER BY `schema_migrations`.`version` ASC[0m
  ↳ bin/rails:9
Migrating to DeviseCreateUsers (20201208145045)
  [1m[35m (17.5ms)[0m  [1m[35mCREATE TABLE `users` (`id` bigint NOT NULL AUTO_INCREMENT PRIMARY KEY, `email` varchar(255) DEFAULT '' NOT NULL, `encrypted_password` varchar(255) DEFAULT '' NOT NULL, `reset_password_token` varchar(255), `reset_password_sent_at` datetime, `remember_created_at` datetime, `created_at` datetime NOT NULL, `updated_at` datetime NOT NULL)[0m
  ↳ db/migrate/20201208145045_devise_create_users.rb:5
  [1m[35m (88.5ms)[0m  [1m[35mCREATE UNIQUE INDEX `index_users_on_email`  ON `users` (`email`) [0m
  ↳ db/migrate/20201208145045_devise_create_users.rb:39
  [1m[35m (37.7ms)[0m  [1m[35mCREATE UNIQUE INDEX `index_users_on_reset_password_token`  ON `users` (`reset_password_token`) [0m
  ↳ db/migrate/20201208145045_devise_create_users.rb:40
  [1m[35m (13.2ms)[0m  [1m[35mBEGIN[0m
  ↳ bin/rails:9
  [1m[36mActiveRecord::SchemaMigration Create (9.7ms)[0m  [1m[32mINSERT INTO `schema_migrations` (`version`) VALUES ('20201208145045')[0m
  ↳ bin/rails:9
  [1m[35m (9.7ms)[0m  [1m[35mCOMMIT[0m
  ↳ bin/rails:9
Migrating to CreateTweets (20201208145122)
  [1m[35m (38.0ms)[0m  [1m[35mCREATE TABLE `tweets` (`id` bigint NOT NULL AUTO_INCREMENT PRIMARY KEY, `body` text, `user_id` int, `created_at` datetime NOT NULL, `updated_at` datetime NOT NULL)[0m
  ↳ db/migrate/20201208145122_create_tweets.rb:3
  [1m[35m (1.2ms)[0m  [1m[35mBEGIN[0m
  ↳ bin/rails:9
  [1m[36mActiveRecord::SchemaMigration Create (3.0ms)[0m  [1m[32mINSERT INTO `schema_migrations` (`version`) VALUES ('20201208145122')[0m
  ↳ bin/rails:9
  [1m[35m (3.9ms)[0m  [1m[35mCOMMIT[0m
  ↳ bin/rails:9
  [1m[36mActiveRecord::InternalMetadata Load (2.1ms)[0m  [1m[34mSELECT  `ar_internal_metadata`.* FROM `ar_internal_metadata` WHERE `ar_internal_metadata`.`key` = 'environment' LIMIT 1[0m
  ↳ bin/rails:9
  [1m[35m (0.3ms)[0m  [1m[35mBEGIN[0m
  ↳ bin/rails:9
  [1m[36mActiveRecord::InternalMetadata Create (1.1ms)[0m  [1m[32mINSERT INTO `ar_internal_metadata` (`key`, `value`, `created_at`, `updated_at`) VALUES ('environment', 'development', '2020-12-08 14:52:19', '2020-12-08 14:52:19')[0m
  ↳ bin/rails:9
  [1m[35m (0.9ms)[0m  [1m[35mCOMMIT[0m
  ↳ bin/rails:9
  [1m[35m (0.4ms)[0m  [1m[34mSELECT RELEASE_LOCK('2743909645454033595')[0m
  ↳ bin/rails:9
  [1m[35m (0.4ms)[0m  [1m[34mSELECT `schema_migrations`.`version` FROM `schema_migrations` ORDER BY `schema_migrations`.`version` ASC[0m
  ↳ bin/rails:9
Started GET "/" for ::1 at 2020-12-09 00:10:51 +0900
  [1m[35m (1.1ms)[0m  [1m[35mSET NAMES utf8,  @@SESSION.sql_mode = CONCAT(CONCAT(@@sql_mode, ',STRICT_ALL_TABLES'), ',NO_AUTO_VALUE_ON_ZERO'),  @@SESSION.sql_auto_is_null = 0, @@SESSION.wait_timeout = 2147483[0m
  ↳ /Users/matsumotokimiaki/.rbenv/versions/2.6.6/lib/ruby/gems/2.6.0/gems/activerecord-5.2.4.4/lib/active_record/log_subscriber.rb:98
  [1m[35m (0.6ms)[0m  [1m[34mSELECT `schema_migrations`.`version` FROM `schema_migrations` ORDER BY `schema_migrations`.`version` ASC[0m
  ↳ /Users/matsumotokimiaki/.rbenv/versions/2.6.6/lib/ruby/gems/2.6.0/gems/activerecord-5.2.4.4/lib/active_record/log_subscriber.rb:98
Processing by TweetsController#index as HTML
  Rendering tweets/index.html.erb within layouts/application
  [1m[36mTweet Load (0.8ms)[0m  [1m[34mSELECT `tweets`.* FROM `tweets`[0m
  ↳ app/views/tweets/index.html.erb:3
  Rendered tweets/index.html.erb within layouts/application (7.9ms)
Started GET "/" for ::1 at 2020-12-09 00:10:57 +0900
  [1m[35m (0.5ms)[0m  [1m[35mSET NAMES utf8,  @@SESSION.sql_mode = CONCAT(CONCAT(@@sql_mode, ',STRICT_ALL_TABLES'), ',NO_AUTO_VALUE_ON_ZERO'),  @@SESSION.sql_auto_is_null = 0, @@SESSION.wait_timeout = 2147483[0m
  ↳ /Users/matsumotokimiaki/.rbenv/versions/2.6.6/lib/ruby/gems/2.6.0/gems/activerecord-5.2.4.4/lib/active_record/log_subscriber.rb:98
Processing by TweetsController#index as HTML
  Rendering tweets/index.html.erb within layouts/application
  [1m[36mTweet Load (0.8ms)[0m  [1m[34mSELECT `tweets`.* FROM `tweets`[0m
  ↳ app/views/tweets/index.html.erb:3
  Rendered tweets/index.html.erb within layouts/application (5.6ms)
Completed 200 OK in 6515ms (Views: 6422.2ms | ActiveRecord: 2.7ms)


Completed 200 OK in 1193ms (Views: 1190.3ms | ActiveRecord: 0.8ms)


Started GET "/users/sign_up" for ::1 at 2020-12-09 00:12:20 +0900
Processing by Devise::RegistrationsController#new as HTML
  Rendering /Users/matsumotokimiaki/.rbenv/versions/2.6.6/lib/ruby/gems/2.6.0/gems/devise-4.7.3/app/views/devise/registrations/new.html.erb within layouts/application
  Rendered /Users/matsumotokimiaki/.rbenv/versions/2.6.6/lib/ruby/gems/2.6.0/gems/devise-4.7.3/app/views/devise/shared/_error_messages.html.erb (1.2ms)
  Rendered /Users/matsumotokimiaki/.rbenv/versions/2.6.6/lib/ruby/gems/2.6.0/gems/devise-4.7.3/app/views/devise/shared/_links.html.erb (1.7ms)
  Rendered /Users/matsumotokimiaki/.rbenv/versions/2.6.6/lib/ruby/gems/2.6.0/gems/devise-4.7.3/app/views/devise/registrations/new.html.erb within layouts/application (275.4ms)
Completed 200 OK in 548ms (Views: 454.2ms | ActiveRecord: 11.3ms)


Started GET "/users/sign_in" for ::1 at 2020-12-09 00:12:23 +0900
Processing by Devise::SessionsController#new as HTML
  Rendering /Users/matsumotokimiaki/.rbenv/versions/2.6.6/lib/ruby/gems/2.6.0/gems/devise-4.7.3/app/views/devise/sessions/new.html.erb within layouts/application
  Rendered /Users/matsumotokimiaki/.rbenv/versions/2.6.6/lib/ruby/gems/2.6.0/gems/devise-4.7.3/app/views/devise/shared/_links.html.erb (1.7ms)
  Rendered /Users/matsumotokimiaki/.rbenv/versions/2.6.6/lib/ruby/gems/2.6.0/gems/devise-4.7.3/app/views/devise/sessions/new.html.erb within layouts/application (11.8ms)
Completed 200 OK in 11902ms (Views: 11897.4ms | ActiveRecord: 0.0ms)


Started GET "/tweets" for ::1 at 2020-12-09 00:12:44 +0900
Processing by TweetsController#index as HTML
  Rendering tweets/index.html.erb within layouts/application
  [1m[36mTweet Load (0.6ms)[0m  [1m[34mSELECT `tweets`.* FROM `tweets`[0m
  ↳ app/views/tweets/index.html.erb:3
  Rendered tweets/index.html.erb within layouts/application (2.5ms)
Completed 200 OK in 75ms (Views: 72.5ms | ActiveRecord: 0.6ms)


Started GET "/users" for ::1 at 2020-12-09 00:12:45 +0900
Processing by UsersController#index as HTML
Completed 401 Unauthorized in 1ms (ActiveRecord: 0.0ms)


Started GET "/users/sign_in" for ::1 at 2020-12-09 00:12:56 +0900
Processing by Devise::SessionsController#new as HTML
  Rendering /Users/matsumotokimiaki/.rbenv/versions/2.6.6/lib/ruby/gems/2.6.0/gems/devise-4.7.3/app/views/devise/sessions/new.html.erb within layouts/application
  Rendered /Users/matsumotokimiaki/.rbenv/versions/2.6.6/lib/ruby/gems/2.6.0/gems/devise-4.7.3/app/views/devise/shared/_links.html.erb (1.5ms)
  Rendered /Users/matsumotokimiaki/.rbenv/versions/2.6.6/lib/ruby/gems/2.6.0/gems/devise-4.7.3/app/views/devise/sessions/new.html.erb within layouts/application (7.5ms)
Completed 200 OK in 43ms (Views: 41.2ms | ActiveRecord: 0.0ms)


Started GET "/users" for ::1 at 2020-12-09 00:13:00 +0900
Processing by UsersController#index as HTML
Completed 401 Unauthorized in 1ms (ActiveRecord: 0.0ms)


Started GET "/users/sign_in" for ::1 at 2020-12-09 00:13:00 +0900
Processing by Devise::SessionsController#new as HTML
  Rendering /Users/matsumotokimiaki/.rbenv/versions/2.6.6/lib/ruby/gems/2.6.0/gems/devise-4.7.3/app/views/devise/sessions/new.html.erb within layouts/application
  Rendered /Users/matsumotokimiaki/.rbenv/versions/2.6.6/lib/ruby/gems/2.6.0/gems/devise-4.7.3/app/views/devise/shared/_links.html.erb (1.9ms)
  Rendered /Users/matsumotokimiaki/.rbenv/versions/2.6.6/lib/ruby/gems/2.6.0/gems/devise-4.7.3/app/views/devise/sessions/new.html.erb within layouts/application (7.8ms)
Completed 200 OK in 200ms (Views: 198.9ms | ActiveRecord: 0.0ms)


